<?xml version="1.0" encoding="UTF-8" ?>
<testsuite tests="13" failures="0" name="pucrs.si.qp.t1.AppTest" time="0.003" errors="0" skipped="0">
  <properties>
[...]
</properties>
  <testcase classname="pucrs.si.qp.t1.AppTest" name="testEquilatero" time="0.003"/>
  <testcase classname="pucrs.si.qp.t1.AppTest" name="testEscaleno" time="0"/>
  <testcase classname="pucrs.si.qp.t1.AppTest" name="testLinha" time="0"/>
  <testcase classname="pucrs.si.qp.t1.AppTest" name="testTodosZero" time="0"/>
  <testcase classname="pucrs.si.qp.t1.AppTest" name="testValorZero" time="0"/>
  <testcase classname="pucrs.si.qp.t1.AppTest" name="testTrianguloInvalido" time="0"/>
  <testcase classname="pucrs.si.qp.t1.AppTest" name="testVariantesDeNove" time="0"/>
  <testcase classname="pucrs.si.qp.t1.AppTest" name="testIsosceles2" time="0"/>
  <testcase classname="pucrs.si.qp.t1.AppTest" name="testValorNegativo" time="0"/>
  <testcase classname="pucrs.si.qp.t1.AppTest" name="testIsosceles" time="0"/>
  <testcase classname="pucrs.si.qp.t1.AppTest" name="testVarianteDeSete" time="0"/>
  <testcase classname="pucrs.si.qp.t1.AppTest" name="testVarianteDeTres" time="0"/>
  <testcase classname="pucrs.si.qp.t1.AppTest" name="testLinhaLonga" time="0"/>
</testsuite>